<?xml version="1.0" encoding="UTF-8"?>
<!-- Generated by org.testng.reporters.JUnitXMLReporter -->
<testsuite hostname="DESKTOP-MV11GS7" name="Test" tests="23" failures="0" timestamp="17 Aug 2016 08:43:17 GMT" time="31.445" errors="0">
  <testcase name="@BeforeTest setUp" time="0.0" classname="Testcases.TestForwardMail">
    <failure type="org.openqa.selenium.SessionNotCreatedException" message="A new session could not be created. (Original error: Requested a new session but one was in progress) (WARNING: The server did not provide any stacktrace information)
Command duration or timeout: 23 milliseconds
Build info: version: &amp;apos;2.53.1&amp;apos;, revision: &amp;apos;a36b8b1cd5757287168e54b817830adce9b0158d&amp;apos;, time: &amp;apos;2016-06-30 19:26:09&amp;apos;
System info: host: &amp;apos;DESKTOP-MV11GS7&amp;apos;, ip: &amp;apos;192.168.1.21&amp;apos;, os.name: &amp;apos;Windows 10&amp;apos;, os.arch: &amp;apos;amd64&amp;apos;, os.version: &amp;apos;10.0&amp;apos;, java.version: &amp;apos;1.8.0_92&amp;apos;
Driver info: io.appium.java_client.android.AndroidDriver">
      <![CDATA[org.openqa.selenium.SessionNotCreatedException: A new session could not be created. (Original error: Requested a new session but one was in progress) (WARNING: The server did not provide any stacktrace information)
Command duration or timeout: 23 milliseconds
Build info: version: '2.53.1', revision: 'a36b8b1cd5757287168e54b817830adce9b0158d', time: '2016-06-30 19:26:09'
System info: host: 'DESKTOP-MV11GS7', ip: '192.168.1.21', os.name: 'Windows 10', os.arch: 'amd64', os.version: '10.0', java.version: '1.8.0_92'
Driver info: io.appium.java_client.android.AndroidDriver
	at org.openqa.selenium.remote.ErrorHandler.createThrowable(ErrorHandler.java:206)
	at org.openqa.selenium.remote.ErrorHandler.throwIfResponseFailed(ErrorHandler.java:158)
	at org.openqa.selenium.remote.RemoteWebDriver.execute(RemoteWebDriver.java:678)
	at io.appium.java_client.DefaultGenericMobileDriver.execute(DefaultGenericMobileDriver.java:51)
	at io.appium.java_client.AppiumDriver.execute(AppiumDriver.java:1)
	at io.appium.java_client.android.AndroidDriver.execute(AndroidDriver.java:1)
	at org.openqa.selenium.remote.RemoteWebDriver.startSession(RemoteWebDriver.java:249)
	at org.openqa.selenium.remote.RemoteWebDriver.<init>(RemoteWebDriver.java:131)
	at org.openqa.selenium.remote.RemoteWebDriver.<init>(RemoteWebDriver.java:144)
	at io.appium.java_client.DefaultGenericMobileDriver.<init>(DefaultGenericMobileDriver.java:47)
	at io.appium.java_client.AppiumDriver.<init>(AppiumDriver.java:114)
	at io.appium.java_client.AppiumDriver.<init>(AppiumDriver.java:132)
	at io.appium.java_client.android.AndroidDriver.<init>(AndroidDriver.java:97)
	at Testcases.TestSendMail.setUp(TestSendMail.java:72)
... Removed 26 stack frames]]>
    </failure>
  </testcase> <!-- @BeforeTest setUp -->
  <testcase name="@BeforeGroups goToHomeScreenOfAccount1" time="0.0" classname="Testcases.TestForwardMail">
    <skipped/>
  </testcase> <!-- @BeforeGroups goToHomeScreenOfAccount1 -->
  <testcase name="@AfterGroups switchToSentBoxAccount2ToCheckForwardSuccessfully" time="0.0" classname="Testcases.TestForwardMail">
    <skipped/>
  </testcase> <!-- @AfterGroups switchToSentBoxAccount2ToCheckForwardSuccessfully -->
  <testcase name="@AfterGroups switchToAccount3AndWaitForNewMails" time="0.0" classname="Testcases.TestForwardMail">
    <skipped/>
  </testcase> <!-- @AfterGroups switchToAccount3AndWaitForNewMails -->
  <testcase name="@AfterTest tearDown" time="0.0" classname="Testcases.TestForwardMail">
    <skipped/>
  </testcase> <!-- @AfterTest tearDown -->
  <testcase name="@AfterTest tearDown" time="0.0" classname="Testcases.TestForwardMail">
    <skipped/>
  </testcase> <!-- @AfterTest tearDown -->
  <testcase name="sendMail" time="0.0" classname="Testcases.TestSendMail">
    <skipped/>
  </testcase> <!-- sendMail -->
  <testcase name="checkSendMailSuccessfully" time="0.0" classname="Testcases.TestSendMail">
    <skipped/>
  </testcase> <!-- checkSendMailSuccessfully -->
  <testcase name="TestAccountBReceiveMailSuccessfullyWithCorrectContent" time="0.0" classname="Testcases.TestSendMail">
    <skipped/>
  </testcase> <!-- TestAccountBReceiveMailSuccessfullyWithCorrectContent -->
  <testcase name="account01sendMailToAccount02" time="0.006" classname="Testcases.TestForwardMail">
    <skipped/>
  </testcase> <!-- account01sendMailToAccount02 -->
  <testcase name="account01sendMailToAccount02" time="0.003" classname="Testcases.TestForwardMail">
    <skipped/>
  </testcase> <!-- account01sendMailToAccount02 -->
  <testcase name="account01sendMailToAccount02" time="0.002" classname="Testcases.TestForwardMail">
    <skipped/>
  </testcase> <!-- account01sendMailToAccount02 -->
  <testcase name="account01sendMailToAccount02" time="0.002" classname="Testcases.TestForwardMail">
    <skipped/>
  </testcase> <!-- account01sendMailToAccount02 -->
  <testcase name="account01sendMailToAccount02" time="0.002" classname="Testcases.TestForwardMail">
    <skipped/>
  </testcase> <!-- account01sendMailToAccount02 -->
  <testcase name="account2ForwardMailToAccount3" time="0.004" classname="Testcases.TestForwardMail">
    <skipped/>
  </testcase> <!-- account2ForwardMailToAccount3 -->
  <testcase name="account2ForwardMailToAccount3" time="0.005" classname="Testcases.TestForwardMail">
    <skipped/>
  </testcase> <!-- account2ForwardMailToAccount3 -->
  <testcase name="account2ForwardMailToAccount3" time="0.003" classname="Testcases.TestForwardMail">
    <skipped/>
  </testcase> <!-- account2ForwardMailToAccount3 -->
  <testcase name="account2ForwardMailToAccount3" time="0.002" classname="Testcases.TestForwardMail">
    <skipped/>
  </testcase> <!-- account2ForwardMailToAccount3 -->
  <testcase name="account2ForwardMailToAccount3" time="0.004" classname="Testcases.TestForwardMail">
    <skipped/>
  </testcase> <!-- account2ForwardMailToAccount3 -->
  <testcase name="checkAccount2ForwardMailSuccessfully" time="0.007" classname="Testcases.TestForwardMail">
    <skipped/>
  </testcase> <!-- checkAccount2ForwardMailSuccessfully -->
  <testcase name="checkAccount2ForwardMailSuccessfully" time="0.002" classname="Testcases.TestForwardMail">
    <skipped/>
  </testcase> <!-- checkAccount2ForwardMailSuccessfully -->
  <testcase name="checkAccount2ForwardMailSuccessfully" time="0.081" classname="Testcases.TestForwardMail">
    <skipped/>
  </testcase> <!-- checkAccount2ForwardMailSuccessfully -->
  <testcase name="checkAccount2ForwardMailSuccessfully" time="0.002" classname="Testcases.TestForwardMail">
    <skipped/>
  </testcase> <!-- checkAccount2ForwardMailSuccessfully -->
  <testcase name="checkAccount2ForwardMailSuccessfully" time="0.004" classname="Testcases.TestForwardMail">
    <skipped/>
  </testcase> <!-- checkAccount2ForwardMailSuccessfully -->
  <testcase name="testAccount3ReceiveCorrectForwardEmail" time="0.01" classname="Testcases.TestForwardMail">
    <skipped/>
  </testcase> <!-- testAccount3ReceiveCorrectForwardEmail -->
  <testcase name="testAccount3ReceiveCorrectForwardEmail" time="0.008" classname="Testcases.TestForwardMail">
    <skipped/>
  </testcase> <!-- testAccount3ReceiveCorrectForwardEmail -->
  <testcase name="testAccount3ReceiveCorrectForwardEmail" time="0.004" classname="Testcases.TestForwardMail">
    <skipped/>
  </testcase> <!-- testAccount3ReceiveCorrectForwardEmail -->
  <testcase name="testAccount3ReceiveCorrectForwardEmail" time="0.001" classname="Testcases.TestForwardMail">
    <skipped/>
  </testcase> <!-- testAccount3ReceiveCorrectForwardEmail -->
  <testcase name="testAccount3ReceiveCorrectForwardEmail" time="0.004" classname="Testcases.TestForwardMail">
    <skipped/>
  </testcase> <!-- testAccount3ReceiveCorrectForwardEmail -->
</testsuite> <!-- Test -->
